<?xml version="1.0" encoding="UTF-8"?>
<robot generator="Robot 5.0.1 (Python 3.10.5 on darwin)" generated="20220729 14:37:44.917" rpa="false" schemaversion="3">
<suite id="s1" name="test Robot Python" source="/Users/yanyunting/Desktop/昌程式4.0/test_Robot_Python.robot">
<kw name="Open Browser" library="Selenium2Library" type="SETUP">
<arg>https://tw.portal-pokemon.com/cardmap/map?cl=1</arg>
<arg>chrome</arg>
<doc>Opens a new browser instance to the optional ``url``.</doc>
<msg timestamp="20220729 14:37:45.409" level="INFO">Opening browser 'chrome' to base url 'https://tw.portal-pokemon.com/cardmap/map?cl=1'.</msg>
<status status="PASS" starttime="20220729 14:37:45.408" endtime="20220729 14:37:54.648"/>
</kw>
<test id="s1-t1" name="Verify Store_Name Is Existing" line="44">
<kw name="Click Search Bar">
<kw name="Wait Until Element Is Visible" library="Selenium2Library">
<arg>//*[@id="map-wrapper"]/div[2]/div/div[1]/div/form/div/input</arg>
<doc>Waits until the element ``locator`` is visible.</doc>
<status status="PASS" starttime="20220729 14:37:54.657" endtime="20220729 14:37:54.751"/>
</kw>
<kw name="Click Element" library="Selenium2Library">
<arg>//*[@id="map-wrapper"]/div[2]/div/div[1]/div/form/div/input</arg>
<doc>Click the element identified by ``locator``.</doc>
<msg timestamp="20220729 14:37:54.751" level="INFO">Clicking element '//*[@id="map-wrapper"]/div[2]/div/div[1]/div/form/div/input'.</msg>
<status status="PASS" starttime="20220729 14:37:54.751" endtime="20220729 14:37:54.889"/>
</kw>
<status status="PASS" starttime="20220729 14:37:54.655" endtime="20220729 14:37:54.890"/>
</kw>
<kw name="Input Search Store_Name">
<arg>${article}</arg>
<kw name="Wait Until Element Is Visible" library="Selenium2Library">
<arg>//*[@id="map-wrapper"]/div[2]/div/div[1]/div/form/div/input</arg>
<doc>Waits until the element ``locator`` is visible.</doc>
<status status="PASS" starttime="20220729 14:37:54.893" endtime="20220729 14:37:54.952"/>
</kw>
<kw name="Input Text" library="Selenium2Library">
<arg>//*[@id="map-wrapper"]/div[2]/div/div[1]/div/form/div/input</arg>
<arg>${article}</arg>
<doc>Types the given ``text`` into the text field identified by ``locator``.</doc>
<msg timestamp="20220729 14:37:54.953" level="INFO">Typing text '萊爾富大里光正店' into text field '//*[@id="map-wrapper"]/div[2]/div/div[1]/div/form/div/input'.</msg>
<status status="PASS" starttime="20220729 14:37:54.952" endtime="20220729 14:37:55.512"/>
</kw>
<status status="PASS" starttime="20220729 14:37:54.892" endtime="20220729 14:37:55.512"/>
</kw>
<kw name="Click Store_Name Options">
<kw name="Wait Until Element Is Visible" library="Selenium2Library">
<arg>//*[@id="map-wrapper"]/div[2]/div/div[1]/div/div[1]/ul/li[2]</arg>
<doc>Waits until the element ``locator`` is visible.</doc>
<status status="PASS" starttime="20220729 14:37:55.514" endtime="20220729 14:37:55.555"/>
</kw>
<kw name="Click Element" library="Selenium2Library">
<arg>//*[@id="map-wrapper"]/div[2]/div/div[1]/div/div[1]/ul/li[2]</arg>
<doc>Click the element identified by ``locator``.</doc>
<msg timestamp="20220729 14:37:55.556" level="INFO">Clicking element '//*[@id="map-wrapper"]/div[2]/div/div[1]/div/div[1]/ul/li[2]'.</msg>
<status status="PASS" starttime="20220729 14:37:55.555" endtime="20220729 14:37:55.621"/>
</kw>
<status status="PASS" starttime="20220729 14:37:55.512" endtime="20220729 14:37:55.621"/>
</kw>
<kw name="Click Search Button">
<kw name="Wait Until Element Is Visible" library="Selenium2Library">
<arg>//*[@id="map-wrapper"]/div[2]/div/div[1]/div/form/div/div[1]</arg>
<doc>Waits until the element ``locator`` is visible.</doc>
<status status="PASS" starttime="20220729 14:37:55.622" endtime="20220729 14:37:55.665"/>
</kw>
<kw name="Click Element" library="Selenium2Library">
<arg>//*[@id="map-wrapper"]/div[2]/div/div[1]/div/form/div/div[1]</arg>
<doc>Click the element identified by ``locator``.</doc>
<msg timestamp="20220729 14:37:55.666" level="INFO">Clicking element '//*[@id="map-wrapper"]/div[2]/div/div[1]/div/form/div/div[1]'.</msg>
<status status="PASS" starttime="20220729 14:37:55.665" endtime="20220729 14:37:55.714"/>
</kw>
<status status="PASS" starttime="20220729 14:37:55.621" endtime="20220729 14:37:55.715"/>
</kw>
<kw name="webdata_fromrequests">
<var>${value}</var>
<kw name="Requestdata" library="requestdata">
<var>${result}</var>
<msg timestamp="20220729 14:37:57.097" level="INFO">${result} = 萊爾富大里光正店</msg>
<status status="PASS" starttime="20220729 14:37:55.717" endtime="20220729 14:37:57.098"/>
</kw>
<msg timestamp="20220729 14:37:57.098" level="INFO">${value} = 萊爾富大里光正店</msg>
<status status="PASS" starttime="20220729 14:37:55.715" endtime="20220729 14:37:57.098"/>
</kw>
<kw name="Log" library="BuiltIn">
<arg>${value}</arg>
<doc>Logs the given message with the given level.</doc>
<msg timestamp="20220729 14:37:57.099" level="INFO">萊爾富大里光正店</msg>
<status status="PASS" starttime="20220729 14:37:57.099" endtime="20220729 14:37:57.099"/>
</kw>
<kw name="Wait Until Page Contains Element" library="Selenium2Library">
<arg>//*[@id="map-wrapper"]/div[2]/div/div[2]/div[2]/ul/li[1]/div/div[1]</arg>
<doc>Waits until the element ``locator`` appears on the current page.</doc>
<status status="PASS" starttime="20220729 14:37:57.099" endtime="20220729 14:37:57.119"/>
</kw>
<kw name="Get Text" library="Selenium2Library">
<var>${getarticle}</var>
<arg>//*[@id="map-wrapper"]/div[2]/div/div[2]/div[2]/ul/li/div/div[1]</arg>
<doc>Returns the text value of the element identified by ``locator``.</doc>
<msg timestamp="20220729 14:37:57.194" level="INFO">${getarticle} = 萊爾富大里光正店</msg>
<status status="PASS" starttime="20220729 14:37:57.120" endtime="20220729 14:37:57.195"/>
</kw>
<kw name="Should Be Equal As Strings" library="BuiltIn">
<arg>${getarticle}</arg>
<arg>${value}</arg>
<doc>Fails if objects are unequal after converting them to strings.</doc>
<status status="PASS" starttime="20220729 14:37:57.195" endtime="20220729 14:37:57.197"/>
</kw>
<status status="PASS" starttime="20220729 14:37:54.651" endtime="20220729 14:37:57.198"/>
</test>
<kw name="Close Browser" library="Selenium2Library" type="TEARDOWN">
<doc>Closes the current browser.</doc>
<status status="PASS" starttime="20220729 14:37:57.200" endtime="20220729 14:37:57.471"/>
</kw>
<status status="PASS" starttime="20220729 14:37:44.921" endtime="20220729 14:37:57.471"/>
</suite>
<statistics>
<total>
<stat pass="1" fail="0" skip="0">All Tests</stat>
</total>
<tag>
</tag>
<suite>
<stat pass="1" fail="0" skip="0" id="s1" name="test Robot Python">test Robot Python</stat>
</suite>
</statistics>
<errors>
</errors>
</robot>
